<?xml version="1.0" encoding="UTF-8"?>
<!-- Generated by org.testng.reporters.JUnitReportReporter -->
<testsuite skipped="0" hostname="LAPTOP-SS83EF10" name="Academy.validateNavigationBar" tests="1" failures="0" timestamp="04 Aug 2019 01:50:03 GMT" time="1.501" errors="0">
  <testcase name="validateAppNavBar" time="1.501" classname="Academy.validateNavigationBar"/>
</testsuite> <!-- Academy.validateNavigationBar -->
