<?xml version="1.0" encoding="UTF-8"?>
<!-- Generated by org.testng.reporters.JUnitReportReporter -->
<testsuite skipped="0" hostname="LAPTOP-SS83EF10" name="Academy.validateTitle" tests="1" failures="0" timestamp="04 Aug 2019 00:39:56 GMT" time="2.187" errors="0">
  <testcase name="validateAppTitle" time="2.187" classname="Academy.validateTitle"/>
</testsuite> <!-- Academy.validateTitle -->
