<?xml version="1.0" encoding="UTF-8"?>
<!-- Generated by org.testng.reporters.JUnitReportReporter -->
<testsuite hostname="LAPTOP-SS83EF10" name="Academy.validateTitle" tests="1" failures="0" timestamp="4 Aug 2019 01:25:47 GMT" time="1.506" errors="0">
  <testcase name="validateAppTitle" time="1.506" classname="Academy.validateTitle"/>
</testsuite> <!-- Academy.validateTitle -->
