<?xml version="1.0" encoding="UTF-8"?>
<!-- Generated by org.testng.reporters.JUnitReportReporter -->
<testsuite hostname="LAPTOP-SS83EF10" name="Academy.validateNavigationBar" tests="1" failures="0" timestamp="4 Aug 2019 01:36:08 GMT" time="1.418" errors="0">
  <testcase name="validateAppNavBar" time="1.418" classname="Academy.validateNavigationBar"/>
</testsuite> <!-- Academy.validateNavigationBar -->
